0.0 ------------------------------------------------------------
0.0 InitGame: \sv_fps\30\server_gameplay\CPM\sv_hostname\Arch Home\fraglimit\20\timelimit\0\g_gametype\1\dmflags\0\sv_maxclients\8\sv_minRate\0\sv_maxRate\0\sv_minPing\0\sv_maxPing\0\sv_floodProtect\0\g_maxGameClients\0\version\ioq3 1.36 linux-i386 Feb 16 2013\protocol\68\mapname\CPM19\sv_privateClients\0\sv_allowDownload\0\game\CPMA\gamename\cpma\gamedate\Jul 27 2010\gameversion\1.48\sv_arenas\1\GTV_CN\1\g_needpass\0
0.0 Game_Start: ??? in arena 0
0.0 Game_Start: 1v1 in arena 0
0.3 ClientConnect: 0
0.3 ClientUserinfoChanged: 0 n\^2F0rT ^1Malvery\t\3\model\xaero/default\c1\yyyyy\hc\100\w\0\l\0\a\0\f\0\nick\\c\0
0.5 ClientConnect: 1
0.5 ClientUserinfoChanged: 1 n\Grunt\t\3\model\grunt\c1\n\hc\100\w\0\l\0\a\0\nick\Grunt\c\0\skill\4.00
0.5 ClientBegin: 1
0.6 ClientUserinfoChanged: 1 n\Grunt\t\0\model\grunt\c1\n\hc\100\w\0\l\0\a\0\nick\Grunt\c\0\skill\4.00
0.6 ClientBegin: 1
0.6 ClientUserinfoChanged: 0 n\^2F0rT ^1Malvery\t\3\model\xaero/default\c1\yyyyy\hc\100\w\0\l\0\a\0\f\0\nick\\c\0
0.6 ClientBegin: 0
0.7 ClientUserinfoChanged: 0 n\^2F0rT ^1Malvery\t\0\model\xaero/default\c1\yyyyy\hc\100\w\0\l\0\a\0\f\0\nick\\c\0
0.7 ClientBegin: 0
2.1 Item: 1 item_armor_combat
4.1 Item: 0 item_health_small
4.1 Item: 0 item_armor_shard
4.2 Item: 0 item_health_small
4.2 Item: 0 item_armor_shard
6.5 Item: 0 item_armor_combat
11.1 Item: 0 ammo_shells
15.3 ShutdownGame:
15.3 ------------------------------------------------------------
0.0 ------------------------------------------------------------
0.0 InitGame: \sv_fps\30\g_maxGameClients\0\sv_floodProtect\0\sv_maxPing\0\sv_minPing\0\sv_maxRate\0\sv_minRate\0\sv_maxclients\8\dmflags\0\g_gametype\1\timelimit\0\fraglimit\20\sv_hostname\Arch Home\server_gameplay\CPM\version\ioq3 1.36 linux-i386 Feb 16 2013\protocol\68\mapname\CPM19\sv_privateClients\0\sv_allowDownload\0\game\CPMA\gamename\cpma\gamedate\Jul 27 2010\gameversion\1.48\sv_arenas\1\GTV_CN\1\g_needpass\0
0.0 Game_Start: ??? in arena 0
0.0 Game_Start: 1v1 in arena 0
0.3 ClientConnect: 0
0.3 ClientUserinfoChanged: 0 n\^2F0rT ^1Malvery\t\3\model\xaero/default\c1\yyyyy\hc\100\w\0\l\0\a\0\f\0\nick\\c\0
0.5 ClientConnect: 1
0.5 ClientUserinfoChanged: 1 n\Grunt\t\3\model\grunt\c1\n\hc\100\w\0\l\0\a\0\nick\Grunt\c\0\skill\4.00
0.5 ClientBegin: 1
0.6 ClientUserinfoChanged: 1 n\Grunt\t\0\model\grunt\c1\n\hc\100\w\0\l\0\a\0\nick\Grunt\c\0\skill\4.00
0.6 ClientBegin: 1
0.6 ClientUserinfoChanged: 0 n\^2F0rT ^1Malvery\t\3\model\xaero/default\c1\yyyyy\hc\100\w\0\l\0\a\0\f\0\nick\\c\0
0.6 ClientBegin: 0
0.7 ClientUserinfoChanged: 0 n\^2F0rT ^1Malvery\t\0\model\xaero/default\c1\yyyyy\hc\100\w\0\l\0\a\0\f\0\nick\\c\0
0.7 ClientBegin: 0
4.3 Item: 0 item_armor_combat
11.3 Item: 0 item_health_mega
19.3 Item: 0 item_armor_jacket
24.8 ShutdownGame:
24.8 ------------------------------------------------------------
0.0 ------------------------------------------------------------
0.0 InitGame: \sv_fps\30\g_maxGameClients\0\sv_floodProtect\0\sv_maxPing\0\sv_minPing\0\sv_maxRate\0\sv_minRate\0\sv_maxclients\8\dmflags\0\g_gametype\1\timelimit\0\fraglimit\20\sv_hostname\Arch Home\server_gameplay\CPM\version\ioq3 1.36 linux-i386 Feb 16 2013\protocol\68\mapname\CPM19\sv_privateClients\0\sv_allowDownload\0\game\CPMA\gamename\cpma\gamedate\Jul 27 2010\gameversion\1.48\sv_arenas\1\Score_Time\Warmup\Score_Red\0\Score_Blue\0\Players_Active\1 2 \GTV_CN\1\g_needpass\0
0.0 Game_Start: ??? in arena 0
0.0 Game_Start: 1v1 in arena 0
0.3 ClientConnect: 0
0.3 ClientUserinfoChanged: 0 n\^2F0rT ^1Malvery\t\3\model\xaero/default\c1\yyyyy\hc\100\w\0\l\0\a\0\f\0\nick\\c\0
0.6 ClientUserinfoChanged: 0 n\^2F0rT ^1Malvery\t\3\model\xaero/default\c1\yyyyy\hc\100\w\0\l\0\a\0\f\0\nick\\c\0
0.6 ClientBegin: 0
0.7 ClientUserinfoChanged: 0 n\^2F0rT ^1Malvery\t\0\model\xaero/default\c1\yyyyy\hc\100\w\0\l\0\a\0\f\0\nick\\c\0
0.7 ClientBegin: 0
0.9 ClientConnect: 1
0.9 ClientUserinfoChanged: 1 n\infunx\t\3\model\klesk/pm\c1\nnyny\hc\100\w\0\l\0\a\0\f\0\nick\\c\0
1.9 Item: 0 item_health_mega
4.5 ClientUserinfoChanged: 1 n\infunx\t\3\model\klesk/pm\c1\nnyny\hc\100\w\0\l\0\a\0\f\0\nick\\c\0
4.5 ClientBegin: 1
4.6 ClientUserinfoChanged: 1 n\infunx\t\0\model\klesk/pm\c1\nnyny\hc\100\w\0\l\0\a\0\f\0\nick\\c\0
4.6 ClientBegin: 1
5.2 Item: 0 weapon_shotgun
6.3 Item: 1 ammo_grenades
6.7 Item: 0 item_armor_combat
11.4 Item: 1 item_armor_shard
11.5 Item: 1 item_armor_shard
15.8 Item: 0 weapon_rocketlauncher
40.3 Item: 0 item_health_small
40.4 Item: 0 item_health_small
40.6 Item: 0 item_health_small
40.7 Item: 0 item_health_small
42.4 Item: 0 item_armor_jacket
42.7 Item: 1 item_armor_shard
42.8 Item: 1 item_armor_shard
43.0 Item: 1 item_armor_shard
44.3 Item: 1 weapon_rocketlauncher
45.0 Item: 0 weapon_rocketlauncher
45.4 Item: 0 item_armor_combat
47.7 Item: 0 item_armor_shard
47.7 Item: 0 item_health
47.8 Item: 0 item_armor_shard
52.4 Item: 0 item_health_small
52.4 Item: 0 item_armor_shard
52.5 Item: 0 item_health_small
59.2 Item: 1 item_health_mega
69.0 Item: 0 item_health
69.2 Item: 1 item_armor_shard
69.4 Item: 1 item_armor_shard
69.5 Item: 1 item_armor_shard
70.4 Item: 0 ammo_shells
70.6 Item: 1 weapon_rocketlauncher
71.8 Item: 0 item_armor_combat
73.4 Item: 0 weapon_shotgun
75.4 Item: 1 item_armor_combat
78.5 Item: 1 weapon_railgun
79.7 Item: 1 ammo_grenades
80.1 Item: 0 item_health
95.9 Item: 1 weapon_railgun
100.1 Item: 0 item_health_small
100.2 Item: 0 item_armor_shard
100.6 Item: 1 item_armor_combat
103.6 Item: 0 item_armor_shard
103.8 Item: 0 item_armor_shard
103.9 Item: 0 item_armor_shard
106.0 Item: 1 item_health_mega
114.9 Item: 1 item_armor_jacket
118.2 Item: 1 item_armor_combat
119.3 Item: 0 weapon_rocketlauncher
121.8 Item: 1 weapon_railgun
125.1 Item: 0 ammo_grenades
129.1 Item: 0 item_health_small
129.1 Item: 0 item_armor_shard
129.2 Item: 0 item_armor_shard
133.5 Item: 0 item_health
133.6 Item: 0 item_armor_shard
133.7 Item: 0 item_armor_shard
136.7 Item: 0 item_armor_combat
141.3 Item: 1 item_armor_shard
141.3 Item: 1 item_armor_shard
141.4 Item: 1 item_armor_shard
142.4 Item: 1 ammo_rockets
144.5 Item: 1 ammo_shells
149.2 Item: 1 item_health_mega
150.3 Item: 0 weapon_rocketlauncher
151.1 Item: 0 ammo_lightning
157.6 Item: 1 weapon_rocketlauncher
158.1 Item: 1 item_armor_combat
158.1 Item: 0 ammo_grenades
164.8 Item: 1 weapon_railgun
175.2 Item: 1 weapon_rocketlauncher
180.1 Item: 0 item_health_small
180.3 Item: 0 item_armor_shard
180.3 Item: 0 item_health_small
180.3 Item: 0 item_armor_shard
181.5 Item: 1 weapon_grenadelauncher
189.6 Item: 1 item_armor_combat
193.3 Item: 1 weapon_rocketlauncher
194.5 Item: 1 item_armor_shard
194.6 Item: 1 item_armor_shard
194.7 Item: 1 item_armor_shard
195.7 Item: 0 item_armor_shard
195.8 Item: 0 item_armor_shard
206.7 Item: 0 item_health
209.2 Item: 1 weapon_grenadelauncher
211.6 Item: 1 item_health
212.4 Item: 0 item_armor_jacket
215.0 Item: 0 item_armor_combat
219.8 Item: 1 item_health_small
219.8 Item: 1 item_armor_shard
220.3 Item: 0 item_health_mega
223.2 Item: 1 item_armor_combat
225.8 Item: 0 weapon_rocketlauncher
229.7 Item: 1 weapon_railgun
240.0 Item: 1 item_armor_shard
240.1 Item: 1 item_armor_shard
241.3 Item: 0 item_armor_combat
243.8 Item: 1 weapon_rocketlauncher
245.1 Item: 1 item_armor_shard
245.2 Item: 1 item_armor_shard
245.3 Item: 1 item_armor_shard
251.8 Item: 0 weapon_shotgun
258.2 Item: 0 item_health_small
258.3 Item: 0 item_health_small
258.6 Item: 0 item_health_small
258.6 Item: 0 item_health_small
259.1 Item: 1 item_health_small
259.1 Item: 1 item_armor_shard
259.2 Item: 1 item_health_small
259.2 Item: 1 item_armor_shard
260.3 Item: 0 item_armor_jacket
262.1 Item: 1 item_armor_combat
267.0 Item: 1 weapon_railgun
269.0 Item: 0 ammo_grenades
271.4 Item: 0 item_armor_shard
271.5 Item: 0 item_armor_shard
278.2 Item: 1 ammo_rockets
280.7 Item: 0 item_armor_shard
280.7 Item: 0 item_armor_shard
282.3 Item: 0 ammo_shells
283.0 Item: 1 item_health
283.9 Item: 0 item_armor_combat
286.8 Item: 1 weapon_railgun
288.9 Item: 0 item_health_mega
290.3 Item: 0 item_health_small
290.5 Item: 0 item_health_small
290.6 Item: 0 item_health_small
290.7 Item: 0 item_health_small
294.9 Item: 0 weapon_rocketlauncher
298.1 Item: 0 item_armor_combat
301.9 Item: 0 weapon_railgun
303.0 Item: 0 ammo_grenades
311.6 Item: 0 weapon_rocketlauncher
312.8 Item: 0 item_armor_shard
312.9 Item: 0 item_armor_shard
313.0 Item: 0 item_armor_shard
320.1 Item: 0 item_armor_combat
332.0 Item: 0 weapon_railgun
333.2 Item: 0 ammo_grenades
339.0 Item: 1 item_health_small
339.1 Item: 1 item_health_small
339.1 Item: 1 item_health_small
339.2 Item: 1 item_health_small
340.3 Item: 0 weapon_rocketlauncher
342.8 Item: 0 ammo_shells
344.9 Item: 1 weapon_shotgun
346.6 Item: 1 item_armor_combat
350.5 Item: 1 item_health_mega
355.6 Item: 1 weapon_rocketlauncher
359.8 Item: 1 weapon_railgun
367.8 Item: 0 item_health
370.1 Item: 1 item_health_small
370.2 Item: 1 item_armor_shard
370.3 Item: 1 item_health_small
370.3 Item: 1 item_armor_shard
377.0 Item: 0 ammo_lightning
379.1 Item: 0 item_armor_combat
382.0 Item: 0 item_armor_shard
382.6 Item: 0 item_armor_shard
382.7 Item: 0 item_health
385.6 Item: 0 item_health
386.4 Item: 0 weapon_grenadelauncher
388.6 Item: 0 item_armor_shard
388.7 Item: 0 item_armor_shard
388.8 Item: 0 item_armor_shard
390.1 Item: 0 item_armor_combat
404.1 Item: 0 item_armor_combat
2144.3 Item: 1 item_armor_jacket
2151.9 Item: 0 item_health_mega
2153.4 Item: 0 item_health_small
2153.4 Item: 0 item_health_small
2153.6 Item: 0 item_health_small
2153.7 Item: 0 item_health_small
2159.6 Item: 1 item_armor_combat
2163.3 Item: 0 item_armor_combat
2165.6 Item: 0 item_health
2165.7 Item: 0 item_armor_shard
2165.8 Item: 0 item_armor_shard
2173.3 Item: 0 item_health
2177.2 Item: 0 weapon_shotgun
2185.3 Item: 1 weapon_rocketlauncher
2186.1 Item: 0 item_armor_combat
2191.4 Item: 0 item_health_mega
2191.8 Item: 1 item_armor_combat
2195.1 Item: 1 weapon_rocketlauncher
2196.4 Item: 1 item_armor_shard
2196.5 Item: 1 item_armor_shard
2196.6 Item: 1 item_armor_shard
2199.7 Item: 0 item_armor_shard
2199.7 Item: 0 item_armor_shard
2201.0 Item: 1 item_health_small
2201.0 Item: 1 item_armor_shard
2201.1 Item: 1 item_health_small
2201.1 Item: 1 item_armor_shard
2205.3 Item: 1 ammo_lightning
2208.6 Item: 1 item_health
2208.9 Item: 1 item_health
2215.6 Item: 1 weapon_grenadelauncher
2218.5 Item: 1 item_health
2218.9 Item: 1 item_armor_jacket
2219.0 Item: 0 item_armor_combat
2221.5 Item: 0 item_health
2227.7 Item: 1 item_armor_shard
2232.5 Item: 1 item_armor_shard
2232.6 Item: 1 item_armor_shard
2236.4 Item: 1 item_health_small
2236.5 Item: 1 item_health_small
2236.6 Item: 1 item_health_small
2236.7 Item: 1 item_health_small
2238.8 Item: 0 weapon_rocketlauncher
2238.9 Item: 1 item_health_mega
2240.4 Item: 0 ammo_shells
2244.0 Item: 0 item_armor_combat
2247.1 Item: 1 item_armor_combat
2256.4 Item: 0 item_armor_shard
2256.4 Item: 0 item_health_small
2256.4 Item: 0 item_health_small
2256.4 Item: 0 item_armor_shard
2258.1 Item: 0 item_health
2258.4 Item: 0 item_health
2259.3 Item: 1 weapon_grenadelauncher
2268.0 Item: 0 item_armor_shard
2268.2 Item: 0 item_armor_shard
2271.0 Item: 1 item_armor_shard
2271.1 Item: 1 item_armor_shard
2271.2 Item: 1 item_armor_shard
2271.3 Item: 0 weapon_rocketlauncher
2279.0 Item: 1 weapon_lightning
2281.1 Item: 0 item_health
2282.2 Item: 1 ammo_rockets
2284.8 Item: 0 item_health_small
2284.8 Item: 0 item_health_small
2284.8 Item: 0 item_health_small
2284.9 Item: 0 item_health_small
2286.8 Item: 0 item_armor_jacket
2289.8 Item: 0 item_armor_combat
2291.9 Item: 1 weapon_rocketlauncher
2292.3 Item: 0 item_health
2296.2 Item: 0 item_health_small
2296.4 Item: 0 item_armor_shard
2296.4 Item: 0 item_health_small
2296.4 Item: 0 item_armor_shard
2297.3 Item: 1 item_armor_combat
2297.6 Item: 0 item_health
2305.0 Item: 0 item_health_mega
2313.0 Item: 0 item_armor_shard
2313.1 Item: 0 item_armor_shard
2313.2 Item: 0 item_armor_shard
2315.0 Item: 1 item_armor_shard
2315.1 Item: 1 item_armor_shard
2316.9 Item: 1 item_armor_combat
2320.4 Item: 1 weapon_railgun
2321.7 Item: 1 ammo_grenades
2326.6 say: ^2F0rT ^1Malvery: ready
2334.1 Item: 0 item_armor_combat
2338.0 Item: 0 weapon_rocketlauncher
2341.8 Game_Start: 1v1 in arena 0
2343.6 Item: 0 item_health_small
2343.7 Item: 0 item_armor_shard
2343.8 Item: 0 item_health_small
2343.8 Item: 0 item_armor_shard
2347.9 Item: 0 item_armor_combat
2351.9 Kill: 0 1 3: ^2F0rT ^1Malvery killed infunx by MOD_MACHINEGUN 1 in arena 0
2353.6 Item: 1 item_armor_shard
2353.7 Item: 1 item_armor_shard
2355.4 Item: 0 item_health_mega
2356.7 Item: 0 item_health_small
2356.8 Item: 0 item_health_small
2356.9 Item: 0 item_health_small
2357.1 Item: 0 item_health_small
2358.3 Item: 1 weapon_railgun
2358.6 Item: 0 item_armor_jacket
2359.6 Item: 1 ammo_grenades
2361.1 Item: 0 weapon_rocketlauncher
2363.8 Item: 1 ammo_rockets
2367.2 Item: 0 item_armor_shard
2367.3 Item: 0 item_armor_shard
2367.4 Item: 0 item_armor_shard
2368.4 Item: 0 ammo_shells
2370.7 Item: 1 item_health
2372.7 Item: 1 item_armor_combat
2375.1 Item: 1 weapon_shotgun
2376.6 Item: 0 weapon_rocketlauncher
2377.3 Item: 0 item_armor_combat
2381.9 Item: 0 weapon_rocketlauncher
2383.6 Item: 1 weapon_grenadelauncher
2391.2 Item: 1 item_health_small
2391.2 Item: 1 item_armor_shard
2391.4 Item: 1 item_health_small
2391.4 Item: 1 item_armor_shard
2396.6 Item: 1 item_armor_shard
2396.7 Item: 1 item_armor_shard
2397.8 Item: 0 weapon_shotgun
2400.0 Item: 1 weapon_rocketlauncher
2401.4 Item: 1 item_armor_shard
2401.6 Item: 1 item_armor_shard
2401.7 Item: 1 item_armor_shard
2405.2 Item: 0 item_health
2411.3 Item: 1 weapon_grenadelauncher
2413.8 Kill: 1 0 6: infunx killed ^2F0rT ^1Malvery by MOD_ROCKET 5 in arena 0
2413.9 Item: 1 weapon_rocketlauncher
2415.3 Item: 0 item_armor_combat
2416.6 Item: 1 item_health
2416.9 Item: 1 item_armor_jacket
2418.6 Item: 1 weapon_rocketlauncher
2421.1 Item: 1 item_armor_combat
2424.2 Item: 0 weapon_shotgun
2424.6 Item: 1 weapon_railgun
2425.7 Item: 1 ammo_grenades
2428.6 Item: 1 ammo_rockets
2430.5 Item: 1 item_health
2431.4 Item: 0 item_health_mega
2434.3 Item: 1 item_health
2438.6 Item: 0 item_armor_jacket
2440.7 Kill: 0 1 1: ^2F0rT ^1Malvery killed infunx by MOD_SHOTGUN 4 in arena 0
2441.7 Item: 0 weapon_grenadelauncher
2442.0 Item: 0 item_health_small
2442.1 Item: 0 item_health_small
2442.2 Item: 0 item_health_small
2442.4 Item: 0 item_health_small
2444.7 Item: 0 weapon_grenadelauncher
2445.0 Item: 0 item_armor_jacket
2446.9 Item: 0 weapon_rocketlauncher
2451.1 Item: 0 item_armor_combat
2454.0 Item: 0 item_armor_shard
2454.1 Item: 0 item_armor_shard
2455.1 Item: 1 item_armor_shard
2455.1 Item: 1 item_armor_shard
2455.2 Item: 1 item_armor_shard
2461.6 Kill: 0 1 7: ^2F0rT ^1Malvery killed infunx by MOD_ROCKET_SPLASH 2 in arena 0
2462.2 Item: 0 ammo_bullets
2465.2 Item: 1 weapon_rocketlauncher
2470.7 Kill: 0 1 6: ^2F0rT ^1Malvery killed infunx by MOD_ROCKET 5 in arena 0
2471.8 Item: 0 weapon_rocketlauncher
2475.3 Item: 1 ammo_lightning
2476.7 Kill: 0 1 6: ^2F0rT ^1Malvery killed infunx by MOD_ROCKET 2 in arena 0
2477.4 Item: 0 ammo_lightning
2478.7 Item: 0 item_armor_combat
2481.1 Item: 0 item_armor_shard
2481.2 Item: 0 item_armor_shard
2486.0 Item: 0 ammo_grenades
2487.2 Item: 0 weapon_railgun
2488.2 Item: 1 item_armor_jacket
2488.7 Item: 1 weapon_grenadelauncher
2489.7 Item: 1 weapon_rocketlauncher
2491.3 Item: 0 ammo_rockets
2492.6 Item: 0 ammo_shells
2497.7 Item: 0 item_health_small
2497.7 Item: 0 item_health_small
2498.0 Item: 0 item_health_small
2498.2 Item: 0 item_health_small
2500.9 Item: 1 item_armor_shard
2501.0 Item: 1 item_armor_shard
2501.1 Item: 1 item_armor_shard
2505.0 Item: 1 item_armor_combat
2508.5 Item: 0 item_health_mega
2526.1 Item: 1 weapon_rocketlauncher
2528.6 Kill: 0 1 7: ^2F0rT ^1Malvery killed infunx by MOD_ROCKET_SPLASH 5 in arena 0
2529.0 Item: 0 weapon_rocketlauncher
2531.3 Item: 0 item_armor_shard
2531.5 Item: 0 item_armor_shard
2531.6 Item: 0 item_armor_shard
2531.9 Item: 1 item_armor_combat
2532.5 Item: 0 ammo_rockets
2533.9 Item: 0 item_health
2535.6 Item: 0 item_health_small
2535.6 Item: 0 item_armor_shard
2535.7 Item: 0 item_health_small
2535.7 Item: 0 item_armor_shard
2538.4 Item: 0 item_armor_combat
2541.3 Item: 0 item_armor_shard
2541.4 Item: 0 item_armor_shard
2541.7 Item: 1 weapon_rocketlauncher
2546.1 Item: 1 weapon_railgun
2551.3 Item: 0 item_health_mega
2556.4 Item: 1 item_health
2559.5 Item: 1 weapon_rocketlauncher
2564.7 Kill: 0 1 7: ^2F0rT ^1Malvery killed infunx by MOD_ROCKET_SPLASH 5 in arena 0
2565.1 Item: 0 weapon_rocketlauncher
2565.9 Item: 0 item_health_small
2565.9 Item: 0 item_armor_shard
2566.0 Item: 0 item_health_small
2566.0 Item: 0 item_armor_shard
2570.9 Kill: 0 1 7: ^2F0rT ^1Malvery killed infunx by MOD_ROCKET_SPLASH 2 in arena 0
2573.2 Item: 1 item_armor_shard
2573.3 Item: 1 item_armor_shard
2573.5 Item: 0 item_armor_shard
2574.8 Item: 0 item_armor_combat
2575.2 Item: 1 item_armor_combat
2576.7 Item: 0 weapon_shotgun
2578.7 Item: 1 weapon_railgun
2579.9 Item: 1 ammo_grenades
2583.9 Item: 1 ammo_rockets
2607.1 Item: 0 item_health_mega
2609.0 Kill: 0 1 1: ^2F0rT ^1Malvery killed infunx by MOD_SHOTGUN 1 in arena 0
2609.9 Item: 0 item_health_small
2610.0 Item: 0 item_health_small
2610.1 Item: 0 item_health_small
2610.2 Item: 0 ammo_slugs
2610.2 Item: 0 item_health_small
2611.6 Item: 0 item_armor_jacket
2614.0 Item: 0 weapon_rocketlauncher
2614.6 Item: 0 item_armor_combat
2616.7 Item: 0 item_armor_shard
2616.8 Item: 0 item_armor_shard
2623.8 Item: 0 item_armor_shard
2624.2 Item: 1 item_health_small
2624.3 Item: 1 item_armor_shard
2624.3 Item: 1 item_health_small
2624.3 Item: 1 item_armor_shard
2628.6 Item: 1 weapon_rocketlauncher
2630.6 Item: 0 weapon_shotgun
2631.2 Item: 1 item_armor_shard
2637.4 Item: 1 weapon_railgun
2638.6 Item: 1 ammo_grenades
2641.2 Item: 1 weapon_lightning
2650.0 Kill: 1022 1 22: <world> killed infunx by MOD_TRIGGER_HURT 5 in arena 0
2650.5 Item: 0 weapon_rocketlauncher
2653.7 Item: 0 weapon_shotgun
2655.5 Item: 0 item_armor_combat
2656.7 Item: 1 item_health_small
2656.8 Item: 1 item_health_small
2656.9 Item: 1 item_health_small
2657.1 Item: 1 item_health_small
2659.1 Item: 1 item_armor_jacket
2661.1 Item: 0 item_health_small
2661.5 Item: 1 weapon_rocketlauncher
2662.8 Item: 1 item_armor_combat
2665.7 Kill: 1 0 7: infunx killed ^2F0rT ^1Malvery by MOD_ROCKET_SPLASH 5 in arena 0
2667.0 Item: 1 weapon_rocketlauncher
2668.5 Item: 0 item_health_small
2668.6 Item: 0 item_armor_shard
2668.7 Item: 0 item_armor_shard
2668.7 Item: 1 weapon_rocketlauncher
2670.1 Item: 1 item_armor_shard
2670.2 Item: 1 item_armor_shard
2670.2 Item: 1 item_armor_shard
2672.3 Item: 1 item_health
2672.5 Item: 0 ammo_lightning
2672.6 Item: 1 item_health
2680.2 Item: 0 item_health_mega
2685.4 Item: 0 weapon_rocketlauncher
2687.7 Kill: 0 1 6: ^2F0rT ^1Malvery killed infunx by MOD_ROCKET 5 in arena 0
2687.9 Item: 0 weapon_rocketlauncher
2688.9 Item: 0 item_armor_combat
2691.8 Item: 0 item_armor_shard
2691.9 Item: 0 item_armor_shard
2692.9 Item: 1 weapon_rocketlauncher
2696.1 Item: 0 item_armor_shard
2696.3 Item: 0 item_armor_shard
2696.4 Item: 0 item_armor_shard
2697.2 Item: 0 ammo_rockets
2699.8 Item: 1 item_armor_combat
2701.5 Item: 1 weapon_shotgun
2703.2 Item: 0 ammo_shells
2713.3 Item: 0 weapon_railgun
2714.0 Item: 1 weapon_rocketlauncher
2714.5 Item: 0 ammo_grenades
2714.6 Item: 1 item_armor_combat
2725.2 Kill: 0 1 7: ^2F0rT ^1Malvery killed infunx by MOD_ROCKET_SPLASH 5 in arena 0
2726.1 Item: 0 weapon_rocketlauncher
2726.8 Item: 0 item_health
2727.1 Item: 0 item_health
2728.4 Item: 0 item_health_small
2728.5 Item: 0 item_armor_shard
2730.0 Item: 1 item_armor_combat
2731.1 Item: 0 item_health_mega
2732.6 Item: 0 item_health_small
2732.7 Item: 0 item_health_small
2732.8 Item: 0 item_health_small
2737.1 Item: 0 item_armor_shard
2737.2 Item: 0 item_armor_shard
2737.3 Item: 0 item_armor_shard
2738.4 Item: 0 ammo_rockets
2741.7 Item: 1 weapon_rocketlauncher
2742.3 Item: 1 item_armor_combat
2744.7 Item: 0 ammo_shells
2745.9 Item: 1 weapon_railgun
2747.0 Item: 1 ammo_grenades
2755.0 Item: 0 item_armor_jacket
2755.8 Item: 1 weapon_rocketlauncher
2759.9 Item: 1 item_health
2760.2 Item: 1 item_health
2761.5 Item: 0 item_armor_combat
2767.4 Item: 1 item_armor_combat
2770.6 Item: 0 weapon_rocketlauncher
2770.9 Item: 1 weapon_railgun
2774.7 Item: 0 item_armor_shard
2780.8 Item: 1 weapon_grenadelauncher
2791.3 Item: 1 weapon_railgun
2794.7 Item: 1 ammo_grenades
2796.6 Item: 1 item_health
2797.9 Item: 1 ammo_rockets
2798.0 Item: 0 item_health_small
2798.1 Item: 0 item_health_small
2798.3 Item: 0 item_health_small
2798.4 Item: 0 item_health_small
2798.8 Item: 1 item_armor_shard
2798.9 Item: 1 item_armor_shard
2799.0 Item: 1 item_armor_shard
2800.1 Item: 1 weapon_rocketlauncher
2802.5 Item: 1 ammo_shells
2817.5 Item: 1 item_health_mega
2818.1 Item: 0 item_health
2819.9 Item: 0 weapon_rocketlauncher
2820.4 Item: 0 item_armor_combat
2824.4 Kill: 0 1 7: ^2F0rT ^1Malvery killed infunx by MOD_ROCKET_SPLASH 5 in arena 0
2827.0 Item: 0 item_health
2827.2 Item: 0 item_armor_shard
2827.3 Item: 0 item_armor_shard
2831.1 Item: 0 item_health
2832.9 Item: 1 item_armor_shard
2833.0 Item: 1 item_armor_shard
2833.2 Item: 1 item_armor_shard
2834.0 Item: 0 weapon_rocketlauncher
2837.5 Kill: 0 1 7: ^2F0rT ^1Malvery killed infunx by MOD_ROCKET_SPLASH 2 in arena 0
2838.4 Item: 0 ammo_bullets
2840.8 Item: 0 ammo_rockets
2843.2 Item: 0 item_armor_combat
2843.6 Item: 1 item_health_small
2843.7 Item: 1 item_health_small
2843.9 Item: 1 item_health_small
2844.0 Item: 1 item_health_small
2845.1 Item: 0 weapon_shotgun
2845.6 Item: 1 item_armor_jacket
2847.7 Item: 1 weapon_rocketlauncher
2848.6 Item: 0 item_health_mega
2850.3 Item: 1 item_armor_combat
2853.9 Item: 1 weapon_railgun
2854.9 Item: 1 ammo_grenades
2855.3 Item: 0 weapon_rocketlauncher
2856.7 Item: 0 ammo_lightning
2871.1 Item: 0 weapon_railgun
2880.3 Item: 0 weapon_rocketlauncher
2881.4 Kill: 1 1 7: infunx killed infunx by MOD_ROCKET_SPLASH 5 in arena 0
2883.0 Item: 0 weapon_rocketlauncher
2885.4 Item: 0 item_armor_combat
2886.8 ClientDisconnect: 1
2886.8 ClientUserinfoChanged: 0 n\^2F0rT ^1Malvery\t\0\model\xaero/default\c1\yyyyy\hc\100\w\1\l\0\a\0\f\0\nick\\c\0
2887.9 Item: 0 item_health
2889.6 Item: 0 item_armor_shard
2889.7 Item: 0 item_armor_shard
2893.9 ShutdownGame:
2893.9 ------------------------------------------------------------
0.0 ------------------------------------------------------------
0.0 InitGame: \sv_fps\30\server_gameplay\CPM\sv_hostname\Arch Home\fraglimit\20\timelimit\0\g_gametype\1\dmflags\0\sv_maxclients\8\sv_minRate\0\sv_maxRate\0\sv_minPing\0\sv_maxPing\0\sv_floodProtect\0\g_maxGameClients\0\version\ioq3 1.36 linux-i386 Feb 16 2013\protocol\68\mapname\CPM19\sv_privateClients\0\sv_allowDownload\0\game\CPMA\gamename\cpma\gamedate\Jul 27 2010\gameversion\1.48\sv_arenas\1\GTV_CN\1\g_needpass\0
0.0 Game_Start: ??? in arena 0
0.0 Game_Start: 1v1 in arena 0
0.3 ClientConnect: 0
0.3 ClientUserinfoChanged: 0 n\^2F0rT ^1Malvery\t\3\model\xaero/default\c1\yyyyy\hc\100\w\0\l\0\a\0\f\0\nick\\c\0
0.5 ClientConnect: 1
0.5 ClientUserinfoChanged: 1 n\Grunt\t\3\model\grunt\c1\n\hc\100\w\0\l\0\a\0\nick\Grunt\c\0\skill\4.00
0.5 ClientBegin: 1
0.6 ClientUserinfoChanged: 1 n\Grunt\t\0\model\grunt\c1\n\hc\100\w\0\l\0\a\0\nick\Grunt\c\0\skill\4.00
0.6 ClientBegin: 1
0.6 ClientUserinfoChanged: 0 n\^2F0rT ^1Malvery\t\3\model\xaero/default\c1\yyyyy\hc\100\w\0\l\0\a\0\f\0\nick\\c\0
0.6 ClientBegin: 0
0.7 ClientUserinfoChanged: 0 n\^2F0rT ^1Malvery\t\0\model\xaero/default\c1\yyyyy\hc\100\w\0\l\0\a\0\f\0\nick\\c\0
0.7 ClientBegin: 0
2.0 Item: 0 item_armor_shard
2.1 Item: 0 item_armor_shard
3.4 Item: 0 item_armor_combat
6.6 ShutdownGame:
6.6 ------------------------------------------------------------
0.0 ------------------------------------------------------------
0.0 InitGame: \sv_fps\30\server_gameplay\CPM\sv_hostname\Arch Home\fraglimit\20\timelimit\0\g_gametype\1\dmflags\0\sv_maxclients\8\sv_minRate\0\sv_maxRate\0\sv_minPing\0\sv_maxPing\0\sv_floodProtect\0\g_maxGameClients\0\version\ioq3 1.36 linux-i386 Feb 16 2013\protocol\68\mapname\CPM19\sv_privateClients\0\sv_allowDownload\0\game\CPMA\gamename\cpma\gamedate\Jul 27 2010\gameversion\1.48\sv_arenas\1\Score_Time\Warmup\Score_Red\0\Score_Blue\0\Players_Active\1 2 \GTV_CN\1\g_needpass\0
0.0 Game_Start: ??? in arena 0
0.0 Game_Start: 1v1 in arena 0
0.3 ClientConnect: 0
0.3 ClientUserinfoChanged: 0 n\^2F0rT ^1Malvery\t\3\model\xaero/default\c1\yyyyy\hc\100\w\0\l\0\a\0\f\0\nick\\c\0
0.6 ClientBegin: 0
0.7 ClientUserinfoChanged: 0 n\^2F0rT ^1Malvery\t\0\model\xaero/default\c1\yyyyy\hc\100\w\0\l\0\a\0\f\0\nick\\c\0
0.7 ClientBegin: 0
106.3 Item: 0 item_armor_combat
144.3 Item: 0 weapon_rocketlauncher
146.8 Item: 0 item_armor_shard
146.8 Item: 0 item_armor_shard
150.2 Item: 0 weapon_rocketlauncher
154.1 Item: 0 weapon_shotgun
157.9 Item: 0 item_health_mega
159.2 Item: 0 item_health_small
159.7 Item: 0 item_health_small
167.9 Item: 0 item_health_small
168.0 Item: 0 item_armor_shard
180.0 Item: 0 item_armor_shard
180.1 Item: 0 item_armor_shard
185.7 Item: 0 ammo_grenades
193.4 ShutdownGame:
193.4 ------------------------------------------------------------
0.0 ------------------------------------------------------------
0.0 InitGame: \sv_fps\30\g_maxGameClients\0\sv_floodProtect\0\sv_maxPing\0\sv_minPing\0\sv_maxRate\0\sv_minRate\0\sv_maxclients\8\dmflags\0\g_gametype\1\timelimit\0\fraglimit\20\sv_hostname\Arch Home\server_gameplay\CPM\version\ioq3 1.36 linux-i386 Feb 16 2013\protocol\68\mapname\CPM19\sv_privateClients\0\sv_allowDownload\0\game\CPMA\gamename\cpma\gamedate\Jul 27 2010\gameversion\1.48\sv_arenas\1\GTV_CN\1\g_needpass\0
0.0 Game_Start: ??? in arena 0
0.0 Game_Start: 1v1 in arena 0
0.3 ClientConnect: 0
0.3 ClientUserinfoChanged: 0 n\^2F0rT ^1Malvery\t\3\model\xaero/default\c1\yyyyy\hc\100\w\0\l\0\a\0\f\0\nick\\c\0
0.6 ClientUserinfoChanged: 0 n\^2F0rT ^1Malvery\t\3\model\xaero/default\c1\yyyyy\hc\100\w\0\l\0\a\0\f\0\nick\\c\0
0.6 ClientBegin: 0
0.7 ClientUserinfoChanged: 0 n\^2F0rT ^1Malvery\t\0\model\xaero/default\c1\yyyyy\hc\100\w\0\l\0\a\0\f\0\nick\\c\0
0.7 ClientBegin: 0
15.4 Item: 0 item_health_small
15.4 Item: 0 item_armor_shard
15.5 Item: 0 item_health_small
83.1 ClientConnect: 1
83.1 ClientUserinfoChanged: 1 n\infunx\t\3\model\klesk/pm\c1\nnyny\hc\100\w\0\l\0\a\0\f\0\nick\\c\0
83.9 ClientUserinfoChanged: 1 n\infunx\t\3\model\klesk/pm\c1\nnyny\hc\100\w\0\l\0\a\0\f\0\nick\\c\0
83.9 ClientDisconnect: 1
99.1 ShutdownGame:
99.1 ------------------------------------------------------------
0.0 ------------------------------------------------------------
0.0 InitGame: \sv_fps\30\g_maxGameClients\0\sv_floodProtect\0\sv_maxPing\0\sv_minPing\0\sv_maxRate\0\sv_minRate\0\sv_maxclients\8\dmflags\0\g_gametype\1\timelimit\0\fraglimit\20\sv_hostname\Arch Home\server_gameplay\CPM\version\ioq3 1.36 linux-i386 Feb 16 2013\protocol\68\mapname\CPM19\sv_privateClients\0\sv_allowDownload\0\game\CPMA\gamename\cpma\gamedate\Jul 27 2010\gameversion\1.48\sv_arenas\1\Score_Time\Warmup\Score_Red\0\Score_Blue\0\Players_Active\1 \GTV_CN\1\g_needpass\0
0.0 Game_Start: ??? in arena 0
0.0 Game_Start: 1v1 in arena 0
0.3 ClientConnect: 0
0.3 ClientUserinfoChanged: 0 n\^2F0rT ^1Malvery\t\3\model\xaero/default\c1\yyyyy\hc\100\w\0\l\0\a\0\f\0\nick\\c\0
0.6 ClientBegin: 0
0.7 ClientUserinfoChanged: 0 n\^2F0rT ^1Malvery\t\0\model\xaero/default\c1\yyyyy\hc\100\w\0\l\0\a\0\f\0\nick\\c\0
0.7 ClientBegin: 0
89.0 ClientConnect: 1
89.0 ClientUserinfoChanged: 1 n\infunx\t\3\model\klesk/pm\c1\nnyny\hc\100\w\0\l\0\a\0\f\0\nick\\c\0
89.4 ClientUserinfoChanged: 1 n\infunx\t\3\model\klesk/pm\c1\nnyny\hc\100\w\0\l\0\a\0\f\0\nick\\c\0
89.4 ClientDisconnect: 1
125.8 ClientConnect: 1
125.8 ClientUserinfoChanged: 1 n\infunx\t\3\model\klesk/pm\c1\nnyny\hc\100\w\0\l\0\a\0\f\0\nick\\c\0
126.3 ClientUserinfoChanged: 1 n\infunx\t\3\model\klesk/pm\c1\nnyny\hc\100\w\0\l\0\a\0\f\0\nick\\c\0
126.3 ClientDisconnect: 1
133.3 ShutdownGame:
133.3 ------------------------------------------------------------
